{"/Users/agilemac-17/Downloads/task1-master/App.js": {"path":"/Users/agilemac-17/Downloads/task1-master/App.js","statementMap":{"0":{"start":{"line":1,"column":13},"end":{"line":1,"column":75}},"1":{"start":{"line":1,"column":75},"end":{"line":1,"column":100}},"2":{"start":{"line":9,"column":13},"end":{"line":9,"column":53}},"3":{"start":{"line":10,"column":19},"end":{"line":10,"column":42}},"4":{"start":{"line":19,"column":20},"end":{"line":19,"column":66}},"5":{"start":{"line":19,"column":86},"end":{"line":19,"column":136}},"6":{"start":{"line":19,"column":175},"end":{"line":19,"column":229}},"7":{"start":{"line":27,"column":10},"end":{"line":73,"column":1}},"8":{"start":{"line":28,"column":2},"end":{"line":67,"column":144}},"9":{"start":{"line":75,"column":13},"end":{"line":110,"column":27}},"10":{"start":{"line":114,"column":0},"end":{"line":114,"column":3}},"11":{"start":{"line":114,"column":4},"end":{"line":114,"column":31}}},"fnMap":{"0":{"name":"_interopRequireDefault","decl":{"start":{"line":19,"column":146},"end":{"line":19,"column":168}},"loc":{"start":{"line":19,"column":174},"end":{"line":19,"column":230}},"line":19},"1":{"name":"App","decl":{"start":{"line":27,"column":19},"end":{"line":27,"column":22}},"loc":{"start":{"line":27,"column":25},"end":{"line":73,"column":1}},"line":27}},"branchMap":{"0":{"loc":{"start":{"line":19,"column":182},"end":{"line":19,"column":228}},"type":"cond-expr","locations":[{"start":{"line":19,"column":206},"end":{"line":19,"column":209}},{"start":{"line":19,"column":212},"end":{"line":19,"column":228}}],"line":19},"1":{"loc":{"start":{"line":19,"column":182},"end":{"line":19,"column":203}},"type":"binary-expr","locations":[{"start":{"line":19,"column":182},"end":{"line":19,"column":185}},{"start":{"line":19,"column":189},"end":{"line":19,"column":203}}],"line":19},"2":{"loc":{"start":{"line":36,"column":4},"end":{"line":38,"column":168}},"type":"cond-expr","locations":[{"start":{"line":36,"column":36},"end":{"line":36,"column":40}},{"start":{"line":37,"column":4},"end":{"line":38,"column":168}}],"line":36}},"s":{"0":1,"1":1,"2":1,"3":1,"4":1,"5":1,"6":1,"7":1,"8":1,"9":1,"10":1,"11":1},"f":{"0":1,"1":1},"b":{"0":[0,1],"1":[1,1],"2":[1,0]},"inputSourceMap":null,"_coverageSchema":"1a1c01bbd47fc00a2c39e90264f33305004495a9","hash":"bc2094a88fdccc518901ada7476859149c846b06"}
}
